\o Program:		@(#)$CDS: libManager version 6.1.7 - CAT35 10/18/2015 00:06 (sjfnl678) $
\o Sub version:		sub-version  p009 
\o Arguments:		-unmapped -mpssession virtuoso4271 -mpshost vldeb 
\o Working Directory:	vldeb:/home/akhil/cadence/vco
\o 64-bit offsets
\o Qt version: 		4.8.5
\o changeWorkingDir("/home/akhil/cadence/vco") unnecessary.
\o ddSetForcedLib("") unnecessary.
\o Log file is "/home/akhil/cadence/vco/libManager.log".
\o Opening libManager window.
\a nrSetWindowVisibility(cdsLibManager "show")
\o MPS service: map window
\o Library Manager customization server connected.
\a nrSetCurrentWindow(cdsLibManager)
\a nrResizeWindow(cdsLibManager list(627 70 600 443))
\a _lmgrCloseIconify("cdsLibManager" 1)
\a nrSetCurrentWindow(cdsLibManager)
\a _lmgrCloseIconify("cdsLibManager" 1)
\a nrSetCurrentWindow(cdsLibManager)
\a _lmgrCloseIconify("cdsLibManager" 1)
